2022-03-09 20:34:58,954 - ************************************************************** 
2022-03-09 20:34:58,954 - Starting Jakarta Velocity v1.4
2022-03-09 20:34:58,954 - RuntimeInstance initializing.
2022-03-09 20:34:58,954 - Default Properties File: org\apache\velocity\runtime\defaults\velocity.properties
2022-03-09 20:34:58,954 - Trying to use logger class org.apache.velocity.runtime.log.SimpleLog4JLogSystem
2022-03-09 20:34:58,954 - Using logger class org.apache.velocity.runtime.log.SimpleLog4JLogSystem
2022-03-09 20:34:58,955 - Default ResourceManager initializing. (class org.apache.velocity.runtime.resource.ResourceManagerImpl)
2022-03-09 20:34:58,956 - Resource Loader Instantiated: org.apache.velocity.runtime.resource.loader.ClasspathResourceLoader
2022-03-09 20:34:58,957 - ClasspathResourceLoader : initialization starting.
2022-03-09 20:34:58,957 - ClasspathResourceLoader : initialization complete.
2022-03-09 20:34:58,957 - ResourceCache : initialized. (class org.apache.velocity.runtime.resource.ResourceCacheImpl)
2022-03-09 20:34:58,957 - Default ResourceManager initialization complete.
2022-03-09 20:34:58,958 - Loaded System Directive: org.apache.velocity.runtime.directive.Literal
2022-03-09 20:34:58,959 - Loaded System Directive: org.apache.velocity.runtime.directive.Macro
2022-03-09 20:34:58,960 - Loaded System Directive: org.apache.velocity.runtime.directive.Parse
2022-03-09 20:34:58,961 - Loaded System Directive: org.apache.velocity.runtime.directive.Include
2022-03-09 20:34:58,961 - Loaded System Directive: org.apache.velocity.runtime.directive.Foreach
2022-03-09 20:34:58,971 - Created: 20 parsers.
2022-03-09 20:34:58,973 - Velocimacro : initialization starting.
2022-03-09 20:34:58,974 - Velocimacro : adding VMs from VM library template : VM_global_library.vm
2022-03-09 20:34:58,976 - ResourceManager : unable to find resource 'VM_global_library.vm' in any resource loader.
2022-03-09 20:34:58,976 - Velocimacro : error using  VM library template VM_global_library.vm : org.apache.velocity.exception.ResourceNotFoundException: Unable to find resource 'VM_global_library.vm'
2022-03-09 20:34:58,976 - Velocimacro :  VM library template macro registration complete.
2022-03-09 20:34:58,976 - Velocimacro : allowInline = true : VMs can be defined inline in templates
2022-03-09 20:34:58,976 - Velocimacro : allowInlineToOverride = false : VMs defined inline may NOT replace previous VM definitions
2022-03-09 20:34:58,976 - Velocimacro : allowInlineLocal = false : VMs defined inline will be  global in scope if allowed.
2022-03-09 20:34:58,976 - Velocimacro : messages on  : VM system will output logging messages
2022-03-09 20:34:58,976 - Velocimacro : autoload off  : VM system will not automatically reload global library macros
2022-03-09 20:34:58,976 - Velocimacro : initialization complete.
2022-03-09 20:34:58,976 - Velocity successfully started.
2022-03-09 20:40:01,814 - SimpleLog4JLogSystem initialized using logfile 'velocity.log'
2022-03-09 20:40:01,815 - ************************************************************** 
2022-03-09 20:40:01,815 - Starting Jakarta Velocity v1.4
2022-03-09 20:40:01,815 - RuntimeInstance initializing.
2022-03-09 20:40:01,815 - Default Properties File: org\apache\velocity\runtime\defaults\velocity.properties
2022-03-09 20:40:01,815 - Trying to use logger class org.apache.velocity.runtime.log.SimpleLog4JLogSystem
2022-03-09 20:40:01,815 - Using logger class org.apache.velocity.runtime.log.SimpleLog4JLogSystem
2022-03-09 20:40:01,817 - Default ResourceManager initializing. (class org.apache.velocity.runtime.resource.ResourceManagerImpl)
2022-03-09 20:40:01,818 - Resource Loader Instantiated: org.apache.velocity.runtime.resource.loader.ClasspathResourceLoader
2022-03-09 20:40:01,818 - ClasspathResourceLoader : initialization starting.
2022-03-09 20:40:01,818 - ClasspathResourceLoader : initialization complete.
2022-03-09 20:40:01,818 - ResourceCache : initialized. (class org.apache.velocity.runtime.resource.ResourceCacheImpl)
2022-03-09 20:40:01,818 - Default ResourceManager initialization complete.
2022-03-09 20:40:01,819 - Loaded System Directive: org.apache.velocity.runtime.directive.Literal
2022-03-09 20:40:01,820 - Loaded System Directive: org.apache.velocity.runtime.directive.Macro
2022-03-09 20:40:01,820 - Loaded System Directive: org.apache.velocity.runtime.directive.Parse
2022-03-09 20:40:01,821 - Loaded System Directive: org.apache.velocity.runtime.directive.Include
2022-03-09 20:40:01,822 - Loaded System Directive: org.apache.velocity.runtime.directive.Foreach
2022-03-09 20:40:01,833 - Created: 20 parsers.
2022-03-09 20:40:01,836 - Velocimacro : initialization starting.
2022-03-09 20:40:01,836 - Velocimacro : adding VMs from VM library template : VM_global_library.vm
2022-03-09 20:40:01,837 - ResourceManager : unable to find resource 'VM_global_library.vm' in any resource loader.
2022-03-09 20:40:01,837 - Velocimacro : error using  VM library template VM_global_library.vm : org.apache.velocity.exception.ResourceNotFoundException: Unable to find resource 'VM_global_library.vm'
2022-03-09 20:40:01,837 - Velocimacro :  VM library template macro registration complete.
2022-03-09 20:40:01,837 - Velocimacro : allowInline = true : VMs can be defined inline in templates
2022-03-09 20:40:01,837 - Velocimacro : allowInlineToOverride = false : VMs defined inline may NOT replace previous VM definitions
2022-03-09 20:40:01,837 - Velocimacro : allowInlineLocal = false : VMs defined inline will be  global in scope if allowed.
2022-03-09 20:40:01,837 - Velocimacro : messages on  : VM system will output logging messages
2022-03-09 20:40:01,837 - Velocimacro : autoload off  : VM system will not automatically reload global library macros
2022-03-09 20:40:01,837 - Velocimacro : initialization complete.
2022-03-09 20:40:01,837 - Velocity successfully started.
2022-03-09 21:36:56,443 - SimpleLog4JLogSystem initialized using logfile 'velocity.log'
2022-03-09 21:36:56,443 - ************************************************************** 
2022-03-09 21:36:56,443 - Starting Jakarta Velocity v1.4
2022-03-09 21:36:56,443 - RuntimeInstance initializing.
2022-03-09 21:36:56,443 - Default Properties File: org\apache\velocity\runtime\defaults\velocity.properties
2022-03-09 21:36:56,443 - Trying to use logger class org.apache.velocity.runtime.log.SimpleLog4JLogSystem
2022-03-09 21:36:56,443 - Using logger class org.apache.velocity.runtime.log.SimpleLog4JLogSystem
2022-03-09 21:36:56,444 - Default ResourceManager initializing. (class org.apache.velocity.runtime.resource.ResourceManagerImpl)
2022-03-09 21:36:56,445 - Resource Loader Instantiated: org.apache.velocity.runtime.resource.loader.ClasspathResourceLoader
2022-03-09 21:36:56,445 - ClasspathResourceLoader : initialization starting.
2022-03-09 21:36:56,445 - ClasspathResourceLoader : initialization complete.
2022-03-09 21:36:56,445 - ResourceCache : initialized. (class org.apache.velocity.runtime.resource.ResourceCacheImpl)
2022-03-09 21:36:56,445 - Default ResourceManager initialization complete.
2022-03-09 21:36:56,446 - Loaded System Directive: org.apache.velocity.runtime.directive.Literal
2022-03-09 21:36:56,446 - Loaded System Directive: org.apache.velocity.runtime.directive.Macro
2022-03-09 21:36:56,447 - Loaded System Directive: org.apache.velocity.runtime.directive.Parse
2022-03-09 21:36:56,447 - Loaded System Directive: org.apache.velocity.runtime.directive.Include
2022-03-09 21:36:56,448 - Loaded System Directive: org.apache.velocity.runtime.directive.Foreach
2022-03-09 21:36:56,459 - Created: 20 parsers.
2022-03-09 21:36:56,461 - Velocimacro : initialization starting.
2022-03-09 21:36:56,462 - Velocimacro : adding VMs from VM library template : VM_global_library.vm
2022-03-09 21:36:56,463 - ResourceManager : unable to find resource 'VM_global_library.vm' in any resource loader.
2022-03-09 21:36:56,463 - Velocimacro : error using  VM library template VM_global_library.vm : org.apache.velocity.exception.ResourceNotFoundException: Unable to find resource 'VM_global_library.vm'
2022-03-09 21:36:56,463 - Velocimacro :  VM library template macro registration complete.
2022-03-09 21:36:56,463 - Velocimacro : allowInline = true : VMs can be defined inline in templates
2022-03-09 21:36:56,463 - Velocimacro : allowInlineToOverride = false : VMs defined inline may NOT replace previous VM definitions
2022-03-09 21:36:56,463 - Velocimacro : allowInlineLocal = false : VMs defined inline will be  global in scope if allowed.
2022-03-09 21:36:56,463 - Velocimacro : messages on  : VM system will output logging messages
2022-03-09 21:36:56,463 - Velocimacro : autoload off  : VM system will not automatically reload global library macros
2022-03-09 21:36:56,463 - Velocimacro : initialization complete.
2022-03-09 21:36:56,463 - Velocity successfully started.
2022-03-09 21:38:11,879 - SimpleLog4JLogSystem initialized using logfile 'velocity.log'
2022-03-09 21:38:11,879 - ************************************************************** 
2022-03-09 21:38:11,879 - Starting Jakarta Velocity v1.4
2022-03-09 21:38:11,879 - RuntimeInstance initializing.
2022-03-09 21:38:11,879 - Default Properties File: org\apache\velocity\runtime\defaults\velocity.properties
2022-03-09 21:38:11,879 - Trying to use logger class org.apache.velocity.runtime.log.SimpleLog4JLogSystem
2022-03-09 21:38:11,879 - Using logger class org.apache.velocity.runtime.log.SimpleLog4JLogSystem
2022-03-09 21:38:11,880 - Default ResourceManager initializing. (class org.apache.velocity.runtime.resource.ResourceManagerImpl)
2022-03-09 21:38:11,881 - Resource Loader Instantiated: org.apache.velocity.runtime.resource.loader.ClasspathResourceLoader
2022-03-09 21:38:11,881 - ClasspathResourceLoader : initialization starting.
2022-03-09 21:38:11,881 - ClasspathResourceLoader : initialization complete.
2022-03-09 21:38:11,882 - ResourceCache : initialized. (class org.apache.velocity.runtime.resource.ResourceCacheImpl)
2022-03-09 21:38:11,882 - Default ResourceManager initialization complete.
2022-03-09 21:38:11,882 - Loaded System Directive: org.apache.velocity.runtime.directive.Literal
2022-03-09 21:38:11,883 - Loaded System Directive: org.apache.velocity.runtime.directive.Macro
2022-03-09 21:38:11,884 - Loaded System Directive: org.apache.velocity.runtime.directive.Parse
2022-03-09 21:38:11,884 - Loaded System Directive: org.apache.velocity.runtime.directive.Include
2022-03-09 21:38:11,885 - Loaded System Directive: org.apache.velocity.runtime.directive.Foreach
2022-03-09 21:38:11,895 - Created: 20 parsers.
2022-03-09 21:38:11,898 - Velocimacro : initialization starting.
2022-03-09 21:38:11,898 - Velocimacro : adding VMs from VM library template : VM_global_library.vm
2022-03-09 21:38:11,899 - ResourceManager : unable to find resource 'VM_global_library.vm' in any resource loader.
2022-03-09 21:38:11,899 - Velocimacro : error using  VM library template VM_global_library.vm : org.apache.velocity.exception.ResourceNotFoundException: Unable to find resource 'VM_global_library.vm'
2022-03-09 21:38:11,899 - Velocimacro :  VM library template macro registration complete.
2022-03-09 21:38:11,899 - Velocimacro : allowInline = true : VMs can be defined inline in templates
2022-03-09 21:38:11,899 - Velocimacro : allowInlineToOverride = false : VMs defined inline may NOT replace previous VM definitions
2022-03-09 21:38:11,899 - Velocimacro : allowInlineLocal = false : VMs defined inline will be  global in scope if allowed.
2022-03-09 21:38:11,899 - Velocimacro : messages on  : VM system will output logging messages
2022-03-09 21:38:11,899 - Velocimacro : autoload off  : VM system will not automatically reload global library macros
2022-03-09 21:38:11,899 - Velocimacro : initialization complete.
2022-03-09 21:38:11,899 - Velocity successfully started.
2022-03-09 21:40:11,696 - SimpleLog4JLogSystem initialized using logfile 'velocity.log'
2022-03-09 21:40:11,696 - ************************************************************** 
2022-03-09 21:40:11,696 - Starting Jakarta Velocity v1.4
2022-03-09 21:40:11,696 - RuntimeInstance initializing.
2022-03-09 21:40:11,696 - Default Properties File: org\apache\velocity\runtime\defaults\velocity.properties
2022-03-09 21:40:11,696 - Trying to use logger class org.apache.velocity.runtime.log.SimpleLog4JLogSystem
2022-03-09 21:40:11,696 - Using logger class org.apache.velocity.runtime.log.SimpleLog4JLogSystem
2022-03-09 21:40:11,697 - Default ResourceManager initializing. (class org.apache.velocity.runtime.resource.ResourceManagerImpl)
2022-03-09 21:40:11,698 - Resource Loader Instantiated: org.apache.velocity.runtime.resource.loader.ClasspathResourceLoader
2022-03-09 21:40:11,698 - ClasspathResourceLoader : initialization starting.
2022-03-09 21:40:11,698 - ClasspathResourceLoader : initialization complete.
2022-03-09 21:40:11,698 - ResourceCache : initialized. (class org.apache.velocity.runtime.resource.ResourceCacheImpl)
2022-03-09 21:40:11,698 - Default ResourceManager initialization complete.
2022-03-09 21:40:11,699 - Loaded System Directive: org.apache.velocity.runtime.directive.Literal
2022-03-09 21:40:11,700 - Loaded System Directive: org.apache.velocity.runtime.directive.Macro
2022-03-09 21:40:11,700 - Loaded System Directive: org.apache.velocity.runtime.directive.Parse
2022-03-09 21:40:11,701 - Loaded System Directive: org.apache.velocity.runtime.directive.Include
2022-03-09 21:40:11,701 - Loaded System Directive: org.apache.velocity.runtime.directive.Foreach
2022-03-09 21:40:11,712 - Created: 20 parsers.
2022-03-09 21:40:11,715 - Velocimacro : initialization starting.
2022-03-09 21:40:11,715 - Velocimacro : adding VMs from VM library template : VM_global_library.vm
2022-03-09 21:40:11,716 - ResourceManager : unable to find resource 'VM_global_library.vm' in any resource loader.
2022-03-09 21:40:11,716 - Velocimacro : error using  VM library template VM_global_library.vm : org.apache.velocity.exception.ResourceNotFoundException: Unable to find resource 'VM_global_library.vm'
2022-03-09 21:40:11,716 - Velocimacro :  VM library template macro registration complete.
2022-03-09 21:40:11,716 - Velocimacro : allowInline = true : VMs can be defined inline in templates
2022-03-09 21:40:11,716 - Velocimacro : allowInlineToOverride = false : VMs defined inline may NOT replace previous VM definitions
2022-03-09 21:40:11,716 - Velocimacro : allowInlineLocal = false : VMs defined inline will be  global in scope if allowed.
2022-03-09 21:40:11,716 - Velocimacro : messages on  : VM system will output logging messages
2022-03-09 21:40:11,716 - Velocimacro : autoload off  : VM system will not automatically reload global library macros
2022-03-09 21:40:11,716 - Velocimacro : initialization complete.
2022-03-09 21:40:11,716 - Velocity successfully started.
2022-03-09 21:40:50,191 - ResourceManager : found repast/simphony/parameter/parameters.vt with loader org.apache.velocity.runtime.resource.loader.ClasspathResourceLoader
2022-03-09 21:41:05,568 - ResourceManager : found repast/simphony/parameter/parameters.vt with loader org.apache.velocity.runtime.resource.loader.ClasspathResourceLoader
2022-03-09 21:43:05,279 - SimpleLog4JLogSystem initialized using logfile 'velocity.log'
2022-03-09 21:43:05,279 - ************************************************************** 
2022-03-09 21:43:05,279 - Starting Jakarta Velocity v1.4
2022-03-09 21:43:05,279 - RuntimeInstance initializing.
2022-03-09 21:43:05,279 - Default Properties File: org\apache\velocity\runtime\defaults\velocity.properties
2022-03-09 21:43:05,279 - Trying to use logger class org.apache.velocity.runtime.log.SimpleLog4JLogSystem
2022-03-09 21:43:05,279 - Using logger class org.apache.velocity.runtime.log.SimpleLog4JLogSystem
2022-03-09 21:43:05,280 - Default ResourceManager initializing. (class org.apache.velocity.runtime.resource.ResourceManagerImpl)
2022-03-09 21:43:05,281 - Resource Loader Instantiated: org.apache.velocity.runtime.resource.loader.ClasspathResourceLoader
2022-03-09 21:43:05,281 - ClasspathResourceLoader : initialization starting.
2022-03-09 21:43:05,281 - ClasspathResourceLoader : initialization complete.
2022-03-09 21:43:05,282 - ResourceCache : initialized. (class org.apache.velocity.runtime.resource.ResourceCacheImpl)
2022-03-09 21:43:05,282 - Default ResourceManager initialization complete.
2022-03-09 21:43:05,282 - Loaded System Directive: org.apache.velocity.runtime.directive.Literal
2022-03-09 21:43:05,283 - Loaded System Directive: org.apache.velocity.runtime.directive.Macro
2022-03-09 21:43:05,283 - Loaded System Directive: org.apache.velocity.runtime.directive.Parse
2022-03-09 21:43:05,284 - Loaded System Directive: org.apache.velocity.runtime.directive.Include
2022-03-09 21:43:05,284 - Loaded System Directive: org.apache.velocity.runtime.directive.Foreach
2022-03-09 21:43:05,294 - Created: 20 parsers.
2022-03-09 21:43:05,296 - Velocimacro : initialization starting.
2022-03-09 21:43:05,296 - Velocimacro : adding VMs from VM library template : VM_global_library.vm
2022-03-09 21:43:05,297 - ResourceManager : unable to find resource 'VM_global_library.vm' in any resource loader.
2022-03-09 21:43:05,297 - Velocimacro : error using  VM library template VM_global_library.vm : org.apache.velocity.exception.ResourceNotFoundException: Unable to find resource 'VM_global_library.vm'
2022-03-09 21:43:05,297 - Velocimacro :  VM library template macro registration complete.
2022-03-09 21:43:05,297 - Velocimacro : allowInline = true : VMs can be defined inline in templates
2022-03-09 21:43:05,297 - Velocimacro : allowInlineToOverride = false : VMs defined inline may NOT replace previous VM definitions
2022-03-09 21:43:05,297 - Velocimacro : allowInlineLocal = false : VMs defined inline will be  global in scope if allowed.
2022-03-09 21:43:05,297 - Velocimacro : messages on  : VM system will output logging messages
2022-03-09 21:43:05,297 - Velocimacro : autoload off  : VM system will not automatically reload global library macros
2022-03-09 21:43:05,297 - Velocimacro : initialization complete.
2022-03-09 21:43:05,297 - Velocity successfully started.
